2024-09-27T18:51:48.831-04:00  INFO 4924 --- [task-management-system] [main] c.e.t.TaskManagementSystemApplication    : Starting TaskManagementSystemApplication using Java 22.0.1 with PID 4924 (D:\asiya\perscholas\springboot\task-management-system\target\classes started by asiya in D:\asiya\perscholas\springboot\task-management-system)
2024-09-27T18:51:48.834-04:00  INFO 4924 --- [task-management-system] [main] c.e.t.TaskManagementSystemApplication    : No active profile set, falling back to 1 default profile: "default"
2024-09-27T18:51:49.448-04:00  INFO 4924 --- [task-management-system] [main] .s.d.r.c.RepositoryConfigurationDelegate : Bootstrapping Spring Data JPA repositories in DEFAULT mode.
2024-09-27T18:51:49.492-04:00  INFO 4924 --- [task-management-system] [main] .s.d.r.c.RepositoryConfigurationDelegate : Finished Spring Data repository scanning in 38 ms. Found 1 JPA repository interface.
2024-09-27T18:51:49.880-04:00  INFO 4924 --- [task-management-system] [main] o.s.b.w.embedded.tomcat.TomcatWebServer  : Tomcat initialized with port 8080 (http)
2024-09-27T18:51:49.892-04:00  INFO 4924 --- [task-management-system] [main] o.apache.catalina.core.StandardService   : Starting service [Tomcat]
2024-09-27T18:51:49.892-04:00  INFO 4924 --- [task-management-system] [main] o.apache.catalina.core.StandardEngine    : Starting Servlet engine: [Apache Tomcat/10.1.30]
2024-09-27T18:51:49.965-04:00  INFO 4924 --- [task-management-system] [main] o.a.c.c.C.[Tomcat].[localhost].[/]       : Initializing Spring embedded WebApplicationContext
2024-09-27T18:51:49.966-04:00  INFO 4924 --- [task-management-system] [main] w.s.c.ServletWebServerApplicationContext : Root WebApplicationContext: initialization completed in 1069 ms
2024-09-27T18:51:50.083-04:00  INFO 4924 --- [task-management-system] [main] o.hibernate.jpa.internal.util.LogHelper  : HHH000204: Processing PersistenceUnitInfo [name: default]
2024-09-27T18:51:50.154-04:00  INFO 4924 --- [task-management-system] [main] org.hibernate.Version                    : HHH000412: Hibernate ORM core version 6.5.3.Final
2024-09-27T18:51:50.185-04:00  INFO 4924 --- [task-management-system] [main] o.h.c.internal.RegionFactoryInitiator    : HHH000026: Second-level cache disabled
2024-09-27T18:51:50.444-04:00  INFO 4924 --- [task-management-system] [main] o.s.o.j.p.SpringPersistenceUnitInfo      : No LoadTimeWeaver setup: ignoring JPA class transformer
2024-09-27T18:51:50.477-04:00  INFO 4924 --- [task-management-system] [main] com.zaxxer.hikari.HikariDataSource       : HikariPool-1 - Starting...
2024-09-27T18:51:50.813-04:00  INFO 4924 --- [task-management-system] [main] com.zaxxer.hikari.pool.HikariPool        : HikariPool-1 - Added connection com.mysql.cj.jdbc.ConnectionImpl@3dd2b9c1
2024-09-27T18:51:50.814-04:00  INFO 4924 --- [task-management-system] [main] com.zaxxer.hikari.HikariDataSource       : HikariPool-1 - Start completed.
2024-09-27T18:51:51.445-04:00  INFO 4924 --- [task-management-system] [main] o.h.e.t.j.p.i.JtaPlatformInitiator       : HHH000489: No JTA platform available (set 'hibernate.transaction.jta.platform' to enable JTA platform integration)
2024-09-27T18:51:51.475-04:00  INFO 4924 --- [task-management-system] [main] j.LocalContainerEntityManagerFactoryBean : Initialized JPA EntityManagerFactory for persistence unit 'default'
2024-09-27T18:51:51.654-04:00  WARN 4924 --- [task-management-system] [main] JpaBaseConfiguration$JpaWebConfiguration : spring.jpa.open-in-view is enabled by default. Therefore, database queries may be performed during view rendering. Explicitly configure spring.jpa.open-in-view to disable this warning
2024-09-27T18:51:51.962-04:00  INFO 4924 --- [task-management-system] [main] o.s.b.w.embedded.tomcat.TomcatWebServer  : Tomcat started on port 8080 (http) with context path '/'
2024-09-27T18:51:51.968-04:00  INFO 4924 --- [task-management-system] [main] c.e.t.TaskManagementSystemApplication    : Started TaskManagementSystemApplication in 3.575 seconds (process running for 4.435)
2024-09-27T18:52:02.644-04:00  INFO 4924 --- [task-management-system] [http-nio-8080-exec-1] o.a.c.c.C.[Tomcat].[localhost].[/]       : Initializing Spring DispatcherServlet 'dispatcherServlet'
2024-09-27T18:52:02.645-04:00  INFO 4924 --- [task-management-system] [http-nio-8080-exec-1] o.s.web.servlet.DispatcherServlet        : Initializing Servlet 'dispatcherServlet'
2024-09-27T18:52:02.645-04:00  INFO 4924 --- [task-management-system] [http-nio-8080-exec-1] o.s.web.servlet.DispatcherServlet        : Completed initialization in 0 ms
2024-09-27T18:52:02.721-04:00  INFO 4924 --- [task-management-system] [http-nio-8080-exec-1] c.e.t.controller.TaskController          : Fetching all Tasks
2024-09-27T18:52:58.385-04:00  INFO 4924 --- [task-management-system] [SpringApplicationShutdownHook] j.LocalContainerEntityManagerFactoryBean : Closing JPA EntityManagerFactory for persistence unit 'default'
2024-09-27T18:52:58.388-04:00  INFO 4924 --- [task-management-system] [SpringApplicationShutdownHook] com.zaxxer.hikari.HikariDataSource       : HikariPool-1 - Shutdown initiated...
2024-09-27T18:52:58.395-04:00  INFO 4924 --- [task-management-system] [SpringApplicationShutdownHook] com.zaxxer.hikari.HikariDataSource       : HikariPool-1 - Shutdown completed.
